\BOOKMARK [0][-]{chapter*.3}{\376\377\000L\000i\000s\000t\000\040\000o\000f\000\040\000F\000i\000g\000u\000r\000e\000s}{}% 1
\BOOKMARK [0][-]{chapter*.4}{\376\377\000L\000i\000s\000t\000\040\000o\000f\000\040\000T\000a\000b\000l\000e\000s}{}% 2
\BOOKMARK [0][-]{chapter*.5}{\376\377\000G\000e\000n\000e\000r\000a\000l\000\040\000I\000n\000t\000r\000o\000d\000u\000c\000t\000i\000o\000n}{}% 3
\BOOKMARK [0][-]{chapter.1}{\376\377\000P\000r\000o\000j\000e\000c\000t\000\040\000S\000t\000u\000d\000y}{}% 4
\BOOKMARK [1][-]{section*.6}{\376\377\000I\000n\000t\000r\000o\000d\000u\000c\000t\000i\000o\000n}{chapter.1}% 5
\BOOKMARK [1][-]{section.1.1}{\376\377\000\040\000P\000r\000o\000j\000e\000c\000t\000\040\000c\000o\000n\000t\000e\000x\000t}{chapter.1}% 6
\BOOKMARK [1][-]{section.1.2}{\376\377\000H\000o\000s\000t\000\040\000O\000r\000g\000a\000n\000i\000z\000a\000t\000i\000o\000n\000\040\000P\000r\000e\000s\000e\000n\000t\000a\000t\000i\000o\000n}{chapter.1}% 7
\BOOKMARK [2][-]{subsection.1.2.1}{\376\377\000M\000a\000i\000n\000\040\000F\000u\000n\000c\000t\000i\000o\000n\000s\000\040\000o\000f\000\040\000C\000N\000S\000S}{section.1.2}% 8
\BOOKMARK [2][-]{subsection.1.2.2}{\376\377\000B\000e\000n\000e\000f\000i\000c\000i\000a\000r\000i\000e\000s}{section.1.2}% 9
\BOOKMARK [2][-]{subsection.1.2.3}{\376\377\000K\000e\000y\000\040\000F\000e\000a\000t\000u\000r\000e\000s}{section.1.2}% 10
\BOOKMARK [1][-]{section.1.3}{\376\377\000G\000e\000n\000e\000r\000a\000l\000\040\000O\000r\000g\000a\000n\000i\000z\000a\000t\000i\000o\000n\000a\000l\000\040\000C\000h\000a\000r\000t}{chapter.1}% 11
\BOOKMARK [1][-]{section.1.4}{\376\377\000D\000e\000p\000a\000r\000t\000m\000e\000n\000t\000\040\000o\000f\000\040\000C\000o\000m\000m\000u\000n\000i\000c\000a\000t\000i\000o\000n\000\040\000a\000n\000d\000\040\000S\000y\000s\000t\000e\000m\000s\000\040\000I\000n\000f\000o\000r\000m\000a\000t\000i\000o\000n\000\040\000\050\000D\000C\000S\000I\000\051}{chapter.1}% 12
\BOOKMARK [2][-]{subsection.1.4.1}{\376\377\000M\000a\000i\000n\000\040\000R\000e\000s\000p\000o\000n\000s\000i\000b\000i\000l\000i\000t\000i\000e\000s}{section.1.4}% 13
\BOOKMARK [2][-]{subsection.1.4.2}{\376\377\000D\000i\000g\000i\000t\000a\000l\000\040\000T\000r\000a\000n\000s\000f\000o\000r\000m\000a\000t\000i\000o\000n\000\040\000a\000n\000d\000\040\000E\000-\000S\000e\000r\000v\000i\000c\000e\000s}{section.1.4}% 14
\BOOKMARK [2][-]{subsection.1.4.3}{\376\377\000I\000n\000t\000e\000r\000n\000a\000l\000\040\000a\000n\000d\000\040\000E\000x\000t\000e\000r\000n\000a\000l\000\040\000C\000o\000m\000m\000u\000n\000i\000c\000a\000t\000i\000o\000n}{section.1.4}% 15
\BOOKMARK [2][-]{subsection.1.4.4}{\376\377\000C\000y\000b\000e\000r\000s\000e\000c\000u\000r\000i\000t\000y\000\040\000a\000n\000d\000\040\000D\000a\000t\000a\000\040\000P\000r\000o\000t\000e\000c\000t\000i\000o\000n}{section.1.4}% 16
\BOOKMARK [2][-]{subsection.1.4.5}{\376\377\000C\000o\000l\000l\000a\000b\000o\000r\000a\000t\000i\000o\000n\000\040\000w\000i\000t\000h\000\040\000O\000t\000h\000e\000r\000\040\000D\000e\000p\000a\000r\000t\000m\000e\000n\000t\000s}{section.1.4}% 17
\BOOKMARK [2][-]{subsection.1.4.6}{\376\377\000\040\000M\000i\000s\000s\000i\000o\000n\000s\000\040\000a\000n\000d\000\040\000V\000a\000l\000u\000e\000s\000\040\000o\000f\000\040\000D\000C\000S\000I}{section.1.4}% 18
\BOOKMARK [1][-]{section.1.5}{\376\377\000P\000r\000o\000j\000e\000c\000t\000\040\000C\000o\000n\000t\000e\000x\000t\000\040\000D\000e\000s\000c\000r\000i\000p\000t\000i\000o\000n}{chapter.1}% 19
\BOOKMARK [2][-]{subsection.1.5.1}{\376\377\000P\000r\000o\000j\000e\000c\000t\000\040\000D\000e\000s\000c\000r\000i\000p\000t\000i\000o\000n}{section.1.5}% 20
\BOOKMARK [2][-]{subsection.1.5.2}{\376\377\000K\000e\000y\000\040\000F\000u\000n\000c\000t\000i\000o\000n\000a\000l\000i\000t\000i\000e\000s}{section.1.5}% 21
\BOOKMARK [1][-]{section.1.6}{\376\377\000E\000x\000i\000s\000t\000i\000n\000g\000\040\000S\000y\000s\000t\000e\000m\000\040\000D\000e\000s\000c\000r\000i\000p\000t\000i\000o\000n}{chapter.1}% 22
\BOOKMARK [2][-]{subsection.1.6.1}{\376\377\000B\000r\000e\000a\000k\000d\000o\000w\000n\000\040\000o\000f\000\040\000t\000h\000e\000\040\000E\000x\000i\000s\000t\000i\000n\000g\000\040\000P\000r\000o\000c\000e\000s\000s}{section.1.6}% 23
\BOOKMARK [2][-]{subsection.1.6.2}{\376\377\000C\000r\000i\000t\000i\000q\000u\000e\000\040\000o\000f\000\040\000t\000h\000e\000\040\000E\000x\000i\000s\000t\000i\000n\000g\000\040\000S\000y\000s\000t\000e\000m}{section.1.6}% 24
\BOOKMARK [2][-]{subsection.1.6.3}{\376\377\000P\000r\000o\000p\000o\000s\000e\000d\000\040\000S\000o\000l\000u\000t\000i\000o\000n\000:\000\040\000O\000n\000l\000i\000n\000e\000\040\000F\000o\000l\000d\000e\000r\000\040\000M\000a\000n\000a\000g\000e\000m\000e\000n\000t\000\040\000P\000l\000a\000t\000f\000o\000r\000m}{section.1.6}% 25
\BOOKMARK [1][-]{section.1.7}{\376\377\000L\000a\000n\000g\000u\000a\000g\000e\000\040\000a\000n\000d\000\040\000D\000e\000s\000i\000g\000n\000\040\000M\000e\000t\000h\000o\000d\000o\000l\000o\000g\000y}{chapter.1}% 26
\BOOKMARK [2][-]{subsection.1.7.1}{\376\377\000\040\000A\000g\000i\000l\000e\000\040\000M\000e\000t\000h\000o\000d\000o\000l\000o\000g\000i\000e\000s}{section.1.7}% 27
\BOOKMARK [2][-]{subsection.1.7.2}{\376\377\000K\000e\000y\000s\000\040\000a\000n\000d\000\040\000a\000d\000v\000a\000n\000t\000a\000g\000e\000s\000\040\000o\000f\000\040\000A\000g\000i\000l\000e\000\040\000M\000e\000t\000h\000o\000d\000o\000l\000o\000g\000y}{section.1.7}% 28
\BOOKMARK [2][-]{subsection.1.7.3}{\376\377\000C\000o\000m\000m\000o\000n\000\040\000A\000g\000i\000l\000e\000\040\000M\000e\000t\000h\000o\000d\000s}{section.1.7}% 29
\BOOKMARK [1][-]{section.1.8}{\376\377\000S\000C\000R\000U\000M}{chapter.1}% 30
\BOOKMARK [2][-]{subsection.1.8.1}{\376\377\000W\000h\000y\000\040\000S\000C\000R\000U\000M}{section.1.8}% 31
\BOOKMARK [2][-]{subsection.1.8.2}{\376\377\000S\000C\000R\000U\000M\000\040\000F\000r\000a\000m\000e\000w\000o\000r\000k}{section.1.8}% 32
\BOOKMARK [2][-]{subsection.1.8.3}{\376\377\000S\000C\000R\000U\000M\000\040\000T\000e\000a\000m}{section.1.8}% 33
\BOOKMARK [2][-]{subsection.1.8.4}{\376\377\000A\000r\000t\000i\000f\000a\000c\000t\000s\000\040\000i\000n\000\040\000S\000C\000R\000U\000M}{section.1.8}% 34
\BOOKMARK [2][-]{subsection.1.8.5}{\376\377\000S\000p\000r\000i\000n\000t\000\040\000A\000c\000t\000i\000v\000i\000t\000i\000e\000s}{section.1.8}% 35
\BOOKMARK [1][-]{section.1.9}{\376\377\000U\000M\000L\000\040\000M\000o\000d\000e\000l\000i\000n\000g\000\040\000L\000a\000n\000g\000u\000a\000g\000e}{chapter.1}% 36
\BOOKMARK [1][-]{figure.1.8}{\376\377\000C\000o\000n\000c\000l\000u\000s\000i\000o\000n}{chapter.1}% 37
\BOOKMARK [0][-]{chapter.2}{\376\377\000P\000l\000a\000n\000i\000f\000i\000c\000a\000t\000i\000o\000n\000\040\000A\000n\000d\000\040\000A\000r\000c\000h\000i\000t\000e\000c\000t\000u\000r\000e}{}% 38
\BOOKMARK [1][-]{section.2.1}{\376\377\000R\000e\000q\000u\000i\000r\000e\000m\000e\000n\000t\000s\000\040\000S\000p\000e\000c\000i\000f\000i\000c\000a\000t\000i\000o\000n}{chapter.2}% 39
\BOOKMARK [2][-]{subsection.2.1.1}{\376\377\000A\000c\000t\000o\000r\000s\000\040\000I\000d\000e\000n\000t\000i\000f\000i\000c\000a\000t\000i\000o\000n}{section.2.1}% 40
\BOOKMARK [2][-]{subsection.2.1.2}{\376\377\000E\000s\000c\000a\000l\000a\000t\000i\000o\000n\000\040\000F\000l\000o\000w}{section.2.1}% 41
\BOOKMARK [2][-]{subsection.2.1.3}{\376\377\000S\000t\000a\000t\000i\000c\000\040\000C\000o\000n\000t\000e\000x\000t\000\040\000D\000i\000a\000g\000r\000a\000m}{section.2.1}% 42
\BOOKMARK [2][-]{subsection.2.1.4}{\376\377\000I\000d\000e\000n\000t\000i\000f\000i\000c\000a\000t\000i\000o\000n\000\040\000o\000f\000\040\000F\000u\000n\000c\000t\000i\000o\000n\000a\000l\000\040\000R\000e\000q\000u\000i\000r\000e\000m\000e\000n\000t\000s}{section.2.1}% 43
\BOOKMARK [2][-]{subsection.2.1.5}{\376\377\000I\000d\000e\000n\000t\000i\000f\000i\000c\000a\000t\000i\000o\000n\000\040\000o\000f\000\040\000N\000o\000n\000-\000F\000u\000n\000c\000t\000i\000o\000n\000a\000l\000\040\000R\000e\000q\000u\000i\000r\000e\000m\000e\000n\000t\000s}{section.2.1}% 44
\BOOKMARK [1][-]{section.2.2}{\376\377\000\040\000P\000r\000o\000j\000e\000c\000t\000\040\000S\000t\000r\000u\000c\000t\000u\000r\000e\000\040\000a\000n\000d\000\040\000B\000r\000e\000a\000k\000d\000o\000w\000n}{chapter.2}% 45
\BOOKMARK [2][-]{subsection.2.2.1}{\376\377\000I\000d\000e\000n\000t\000i\000f\000i\000c\000a\000t\000i\000o\000n\000\040\000o\000f\000\040\000t\000h\000e\000\040\000S\000C\000R\000U\000M\000\040\000T\000e\000a\000m}{section.2.2}% 46
\BOOKMARK [2][-]{subsection.2.2.2}{\376\377\000P\000r\000o\000d\000u\000c\000t\000\040\000B\000a\000c\000k\000l\000o\000g}{section.2.2}% 47
\BOOKMARK [2][-]{subsection.2.2.3}{\376\377\000S\000C\000R\000U\000M\000\040\000T\000o\000o\000l}{section.2.2}% 48
\BOOKMARK [2][-]{subsection.2.2.4}{\376\377\000S\000p\000r\000i\000n\000t\000\040\000S\000t\000r\000u\000c\000t\000u\000r\000e}{section.2.2}% 49
\BOOKMARK [2][-]{subsection.2.2.5}{\376\377\000P\000r\000o\000j\000e\000c\000t\000\040\000e\000x\000e\000c\000u\000t\000i\000o\000n\000\040\000p\000l\000a\000n}{section.2.2}% 50
\BOOKMARK [1][-]{section.2.3}{\376\377\000G\000l\000o\000b\000a\000l\000\040\000U\000s\000e\000\040\000C\000a\000s\000e\000\040\000D\000i\000a\000g\000r\000a\000m}{chapter.2}% 51
\BOOKMARK [1][-]{figure.2.6}{\376\377\000C\000o\000n\000c\000l\000u\000s\000i\000o\000n}{chapter.2}% 52
\BOOKMARK [0][-]{chapter.3}{\376\377\000S\000p\000r\000i\000n\000t\000\040\0001\000:\000\040\000U\000s\000e\000r\000\040\000a\000n\000d\000\040\000S\000u\000b\000m\000i\000t\000t\000e\000d\000\040\000F\000i\000l\000e\000\040\000M\000a\000n\000a\000g\000e\000m\000e\000n\000t}{}% 53
\BOOKMARK [1][-]{section*.19}{\376\377\000I\000n\000t\000r\000o\000d\000u\000c\000t\000i\000o\000n}{chapter.3}% 54
\BOOKMARK [1][-]{section.3.1}{\376\377\000F\000u\000n\000c\000t\000i\000o\000n\000a\000l\000\040\000S\000p\000e\000c\000i\000f\000i\000c\000a\000t\000i\000o\000n}{chapter.3}% 55
\BOOKMARK [2][-]{subsection.3.1.1}{\376\377\000S\000p\000r\000i\000n\000t\000\040\000B\000a\000c\000k\000l\000o\000g}{section.3.1}% 56
\BOOKMARK [1][-]{section.3.2}{\376\377\000U\000s\000e\000\040\000C\000a\000s\000e\000\040\000D\000i\000a\000g\000r\000a\000m\000\040\000o\000f\000\040\000t\000h\000e\000\040\000F\000i\000r\000s\000t\000\040\000S\000p\000r\000i\000n\000t}{chapter.3}% 57
\BOOKMARK [2][-]{subsection.3.2.1}{\376\377\000C\000l\000a\000s\000s\000i\000f\000i\000c\000a\000t\000i\000o\000n\000\040\000o\000f\000\040\000U\000s\000e\000\040\000C\000a\000s\000e\000s\000\040\000b\000y\000\040\000A\000c\000t\000o\000r}{section.3.2}% 58
\BOOKMARK [2][-]{subsection.3.2.2}{\376\377\000D\000i\000a\000g\000r\000a\000m\000m\000e\000\040\000d\000e\000\040\000c\000a\000s\000\040\000d\040\031\000u\000t\000i\000l\000i\000s\000a\000t\000i\000o\000n\000\040\000d\000u\000\040\000p\000r\000e\000m\000i\000e\000r\000\040\000s\000p\000r\000i\000n\000t}{section.3.2}% 59
\BOOKMARK [2][-]{subsection.3.2.3}{\376\377\000I\000n\000t\000e\000r\000f\000a\000c\000e\000\040\000P\000r\000o\000t\000o\000t\000y\000p\000i\000n\000g}{section.3.2}% 60
\BOOKMARK [1][-]{section.3.3}{\376\377\000U\000s\000e\000\040\000C\000a\000s\000e\000\040\000A\000n\000a\000l\000y\000s\000i\000s}{chapter.3}% 61
\BOOKMARK [2][-]{subsection.3.3.1}{\376\377\000U\000s\000e\000\040\000C\000a\000s\000e\000\040\000A\000n\000a\000l\000y\000s\000i\000s\000:\000\040\000"\000A\000u\000t\000h\000e\000n\000t\000i\000c\000a\000t\000e\000"}{section.3.3}% 62
\BOOKMARK [2][-]{subsection.3.3.2}{\376\377\000U\000s\000e\000\040\000C\000a\000s\000e\000\040\000A\000n\000a\000l\000y\000s\000i\000s\000:\000\040\000"\000S\000u\000b\000m\000i\000t\000\040\000a\000\040\000s\000e\000r\000v\000i\000c\000e\000\040\000r\000e\000q\000u\000e\000s\000t\000"}{section.3.3}% 63
\BOOKMARK [2][-]{subsection.3.3.3}{\376\377\000U\000s\000e\000\040\000C\000a\000s\000e\000\040\000A\000n\000a\000l\000y\000s\000i\000s\000:\000\040\000"\000M\000a\000n\000a\000g\000e\000\040\000P\000r\000o\000f\000i\000l\000e\000"}{section.3.3}% 64
\BOOKMARK [2][-]{subsection.3.3.4}{\376\377\000U\000s\000e\000\040\000C\000a\000s\000e\000\040\000A\000n\000a\000l\000y\000s\000i\000s\000:\000\040\000"\000R\000e\000v\000i\000e\000w\000\040\000a\000\040\000S\000u\000b\000m\000i\000s\000s\000i\000o\000n\000"}{section.3.3}% 65
\BOOKMARK [2][-]{subsection.3.3.5}{\376\377\000U\000s\000e\000\040\000C\000a\000s\000e\000\040\000A\000n\000a\000l\000y\000s\000i\000s\000:\000\040\000"\000M\000a\000n\000a\000g\000e\000\040\000i\000n\000t\000e\000r\000n\000a\000l\000\040\000s\000k\000a\000t\000e\000h\000o\000l\000d\000e\000r\000s\000"}{section.3.3}% 66
\BOOKMARK [2][-]{subsection.3.3.6}{\376\377\000U\000s\000e\000\040\000C\000a\000s\000e\000\040\000A\000n\000a\000l\000y\000s\000i\000s\000:\000\040\000"\000M\000a\000n\000a\000g\000e\000\040\000D\000y\000n\000a\000m\000i\000c\000\040\000F\000o\000r\000m\000s\000"}{section.3.3}% 67
\BOOKMARK [1][-]{section.3.4}{\376\377\000D\000e\000s\000i\000g\000n\000\040\000o\000f\000\040\000U\000s\000e\000\040\000C\000a\000s\000e\000s}{chapter.3}% 68
\BOOKMARK [2][-]{subsection.3.4.1}{\376\377\000T\000h\000e\000\040\000p\000a\000r\000t\000i\000c\000i\000p\000a\000n\000t\000\040\000C\000l\000a\000s\000s\000\040\000D\000i\000a\000g\000r\000a\000m}{section.3.4}% 69
\BOOKMARK [2][-]{subsection.3.4.2}{\376\377\000D\000e\000t\000a\000i\000l\000e\000d\000\040\000S\000e\000q\000u\000e\000n\000c\000e\000\040\000D\000i\000a\000g\000r\000a\000m}{section.3.4}% 70
\BOOKMARK [1][-]{section.3.5}{\376\377\000G\000l\000o\000b\000a\000l\000\040\000c\000l\000a\000s\000s\000\040\000d\000i\000a\000g\000r\000a\000m\000\040\000o\000f\000\040\000t\000h\000e\000\040\000f\000i\000r\000s\000t\000\040\000s\000p\000r\000i\000n\000t}{chapter.3}% 71
\BOOKMARK [1][-]{section.3.6}{\376\377\000I\000m\000p\000l\000e\000m\000e\000n\000t\000a\000t\000i\000o\000n}{chapter.3}% 72
\BOOKMARK [2][-]{subsection.3.6.1}{\376\377\000T\000h\000e\000\040\000D\000a\000t\000a\000b\000a\000s\000e\000\040\000S\000c\000h\000e\000m\000a\000s}{section.3.6}% 73
\BOOKMARK [2][-]{subsection.3.6.2}{\376\377\000T\000h\000e\000\040\000i\000n\000t\000e\000r\000f\000a\000c\000e\000s\000\040\000o\000f\000\040\000t\000h\000e\000\040\000u\000s\000e\000\040\000c\000a\000s\000e\000s}{section.3.6}% 74
\BOOKMARK [1][-]{section.3.7}{\376\377\000T\000e\000s\000t\000s}{chapter.3}% 75
\BOOKMARK [2][-]{subsection.3.7.1}{\376\377\000U\000n\000i\000t\000\040\000T\000e\000s\000t\000s}{section.3.7}% 76
\BOOKMARK [2][-]{subsection.3.7.2}{\376\377\000\040\000U\000n\000i\000t\000\040\000T\000e\000s\000t\000\040\000f\000o\000r\000\040\000t\000h\000e\000\040\000U\000s\000e\000\040\000C\000a\000s\000e\000\040\000"\000S\000u\000b\000m\000i\000t\000\040\000a\000\040\000s\000e\000r\000v\000i\000c\000e\000\040\000r\000e\000q\000u\000e\000s\000t\000"}{section.3.7}% 77
\BOOKMARK [2][-]{subsection.3.7.3}{\376\377\000\040\000U\000n\000i\000t\000\040\000T\000e\000s\000t\000\040\000f\000o\000r\000\040\000t\000h\000e\000\040\000U\000s\000e\000\040\000C\000a\000s\000e\000\040\000"\000C\000r\000e\000a\000t\000e\000\040\000D\000y\000n\000a\000m\000i\000c\000\040\000f\000o\000r\000m\000s\000"}{section.3.7}% 78
\BOOKMARK [1][-]{section.3.8}{\376\377\000S\000p\000r\000i\000n\000t\000\040\000R\000e\000v\000i\000e\000w\000\040\040\023\000\040\000B\000u\000r\000n\000d\000o\000w\000n\000\040\000C\000h\000a\000r\000t\000\040\000D\000i\000a\000g\000r\000a\000m}{chapter.3}% 79
\BOOKMARK [1][-]{figure.3.67}{\376\377\000C\000o\000n\000c\000l\000u\000s\000i\000o\000n}{chapter.3}% 80
\BOOKMARK [0][-]{chapter.4}{\376\377\000S\000p\000r\000i\000n\000t\000\040\0002\000:\000\040\000T\000r\000a\000c\000k\000i\000n\000g\000,\000\040\000N\000o\000t\000i\000f\000i\000c\000a\000t\000i\000o\000n\000s\000\040\000a\000n\000d\000\040\000S\000t\000a\000t\000i\000s\000t\000i\000c\000s}{}% 81
\BOOKMARK [1][-]{section*.55}{\376\377\000I\000n\000t\000r\000o\000d\000u\000c\000t\000i\000o\000n}{chapter.4}% 82
\BOOKMARK [1][-]{section.4.1}{\376\377\000F\000u\000n\000c\000t\000i\000o\000n\000a\000l\000\040\000S\000p\000e\000c\000i\000f\000i\000c\000a\000t\000i\000o\000n}{chapter.4}% 83
\BOOKMARK [2][-]{subsection.4.1.1}{\376\377\000S\000p\000r\000i\000n\000t\000\040\000B\000a\000c\000k\000l\000o\000g}{section.4.1}% 84
\BOOKMARK [2][-]{subsection.4.1.2}{\376\377\000I\000n\000t\000e\000r\000f\000a\000c\000e\000\040\000P\000r\000o\000t\000o\000t\000y\000p\000i\000n\000g}{section.4.1}% 85
\BOOKMARK [1][-]{section.4.2}{\376\377\000U\000s\000e\000\040\000C\000a\000s\000e\000\040\000D\000i\000a\000g\000r\000a\000m\000\040\000o\000f\000\040\000t\000h\000e\000\040\000S\000e\000c\000o\000n\000d\000\040\000S\000p\000r\000i\000n\000t}{chapter.4}% 86
\BOOKMARK [1][-]{section.4.3}{\376\377\000U\000s\000e\000\040\000C\000a\000s\000e\000\040\000A\000n\000a\000l\000y\000s\000i\000s}{chapter.4}% 87
\BOOKMARK [2][-]{subsection.4.3.1}{\376\377\000U\000s\000e\000\040\000C\000a\000s\000e\000\040\000A\000n\000a\000l\000y\000s\000i\000s\000\040\000"\000T\000r\000a\000c\000k\000\040\000s\000u\000b\000m\000i\000s\000s\000i\000o\000n\000\040\000s\000t\000a\000t\000u\000s\000"}{section.4.3}% 88
\BOOKMARK [2][-]{subsection.4.3.2}{\376\377\000U\000s\000e\000\040\000C\000a\000s\000e\000\040\000A\000n\000a\000l\000y\000s\000i\000s\000\040\000"\000C\000o\000n\000s\000u\000l\000t\000\040\000t\000h\000e\000\040\000n\000o\000t\000i\000f\000i\000c\000a\000t\000i\000o\000n\000s\000"}{section.4.3}% 89
\BOOKMARK [2][-]{subsection.4.3.3}{\376\377\000U\000s\000e\000\040\000C\000a\000s\000e\000\040\000A\000n\000a\000l\000y\000s\000i\000s\000\040\000"\000S\000u\000p\000e\000r\000v\000i\000s\000e\000\040\000A\000s\000s\000i\000g\000n\000e\000d\000\040\000F\000i\000l\000e\000\040\000M\000a\000n\000a\000g\000e\000r\000s\000"}{section.4.3}% 90
\BOOKMARK [2][-]{subsection.4.3.4}{\376\377\000U\000s\000e\000\040\000C\000a\000s\000e\000\040\000A\000n\000a\000l\000y\000s\000i\000s\000\040\000"\000T\000r\000a\000c\000k\000\040\000S\000u\000b\000m\000i\000s\000s\000i\000o\000n\000s\000\040\000W\000o\000r\000k\000f\000l\000o\000w\000s\000\040\000H\000i\000s\000t\000o\000r\000y\000"}{section.4.3}% 91
\BOOKMARK [2][-]{subsection.4.3.5}{\376\377\000U\000s\000e\000\040\000C\000a\000s\000e\000\040\000A\000n\000a\000l\000y\000s\000i\000s\000\040\000"\000C\000o\000n\000s\000u\000l\000t\000\040\000G\000l\000o\000b\000a\000l\000\040\000S\000t\000a\000t\000i\000s\000t\000i\000c\000s\000"}{section.4.3}% 92
\BOOKMARK [1][-]{section.4.4}{\376\377\000D\000e\000s\000i\000g\000n\000\040\000o\000f\000\040\000U\000s\000e\000\040\000C\000a\000s\000e\000s}{chapter.4}% 93
\BOOKMARK [2][-]{subsection.4.4.1}{\376\377\000T\000h\000e\000\040\000p\000a\000r\000t\000i\000c\000i\000p\000a\000n\000t\000\040\000C\000l\000a\000s\000s\000\040\000D\000i\000a\000g\000r\000a\000m}{section.4.4}% 94
\BOOKMARK [2][-]{subsection.4.4.2}{\376\377\000D\000e\000t\000a\000i\000l\000e\000d\000\040\000S\000e\000q\000u\000e\000n\000c\000e\000\040\000D\000i\000a\000g\000r\000a\000m}{section.4.4}% 95
\BOOKMARK [1][-]{section.4.5}{\376\377\000G\000l\000o\000b\000a\000l\000\040\000c\000l\000a\000s\000s\000\040\000d\000i\000a\000g\000r\000a\000m\000\040\000o\000f\000\040\000t\000h\000e\000\040\000s\000e\000c\000o\000n\000d\000\040\000s\000p\000r\000i\000n\000t}{chapter.4}% 96
\BOOKMARK [1][-]{section.4.6}{\376\377\000I\000m\000p\000l\000e\000m\000e\000n\000t\000a\000t\000i\000o\000n}{chapter.4}% 97
\BOOKMARK [2][-]{subsection.4.6.1}{\376\377\000T\000h\000e\000\040\000D\000a\000t\000a\000b\000a\000s\000e\000\040\000S\000c\000h\000e\000m\000a\000s}{section.4.6}% 98
\BOOKMARK [2][-]{subsection.4.6.2}{\376\377\000T\000h\000e\000\040\000i\000n\000t\000e\000r\000f\000a\000c\000e\000s\000\040\000o\000f\000\040\000t\000h\000e\000\040\000u\000s\000e\000\040\000c\000a\000s\000e\000s}{section.4.6}% 99
\BOOKMARK [1][-]{section.4.7}{\376\377\000T\000e\000s\000t\000s}{chapter.4}% 100
\BOOKMARK [2][-]{subsection.4.7.1}{\376\377\000U\000n\000i\000t\000\040\000T\000e\000s\000t\000i\000n\000g}{section.4.7}% 101
\BOOKMARK [2][-]{subsection.4.7.2}{\376\377\000\040\000U\000n\000i\000t\000\040\000T\000e\000s\000t\000\040\000f\000o\000r\000\040\000t\000h\000e\000\040\000U\000s\000e\000\040\000C\000a\000s\000e\000\040\000"\000T\000r\000a\000c\000k\000\040\000s\000u\000b\000m\000i\000s\000s\000i\000o\000n\000\040\000s\000t\000a\000t\000u\000s\000"}{section.4.7}% 102
\BOOKMARK [2][-]{subsection.4.7.3}{\376\377\000\040\000U\000n\000i\000t\000\040\000T\000e\000s\000t\000\040\000f\000o\000r\000\040\000t\000h\000e\000\040\000U\000s\000e\000\040\000C\000a\000s\000e\000\040\000"\000C\000o\000n\000s\000u\000l\000t\000\040\000N\000o\000t\000i\000f\000i\000c\000a\000t\000i\000o\000n\000s\000"}{section.4.7}% 103
\BOOKMARK [1][-]{section.4.8}{\376\377\000S\000p\000r\000i\000n\000t\000\040\000R\000e\000v\000i\000e\000w\000\040\040\023\000\040\000B\000u\000r\000n\000d\000o\000w\000n\000\040\000C\000h\000a\000r\000t\000\040\000D\000i\000a\000g\000r\000a\000m}{chapter.4}% 104
\BOOKMARK [1][-]{figure.4.41}{\376\377\000C\000o\000n\000c\000l\000u\000s\000i\000o\000n}{chapter.4}% 105
\BOOKMARK [0][-]{chapter.5}{\376\377\000S\000p\000r\000i\000n\000t\000\040\0003\000:\000\040\000U\000s\000e\000r\000\040\000A\000c\000c\000e\000s\000s\000\040\000a\000n\000d\000\040\000S\000e\000r\000v\000i\000c\000e\000\040\000R\000e\000q\000u\000e\000s\000t\000\040\000F\000o\000u\000n\000d\000a\000t\000i\000o\000n}{}% 106
\BOOKMARK [1][-]{section*.79}{\376\377\000I\000n\000t\000r\000o\000d\000u\000c\000t\000i\000o\000n}{chapter.5}% 107
\BOOKMARK [1][-]{section.5.1}{\376\377\000F\000u\000n\000c\000t\000i\000o\000n\000a\000l\000\040\000S\000p\000e\000c\000i\000f\000i\000c\000a\000t\000i\000o\000n}{chapter.5}% 108
\BOOKMARK [2][-]{subsection.5.1.1}{\376\377\000S\000p\000r\000i\000n\000t\000\040\000B\000a\000c\000k\000l\000o\000g}{section.5.1}% 109
\BOOKMARK [2][-]{subsection.5.1.2}{\376\377\000I\000n\000t\000e\000r\000f\000a\000c\000e\000\040\000P\000r\000o\000t\000o\000t\000y\000p\000i\000n\000g}{section.5.1}% 110
\BOOKMARK [1][-]{section.5.2}{\376\377\000U\000s\000e\000\040\000C\000a\000s\000e\000\040\000D\000i\000a\000g\000r\000a\000m\000\040\000o\000f\000\040\000t\000h\000e\000\040\000T\000h\000i\000r\000d\000\040\000S\000p\000r\000i\000n\000t}{chapter.5}% 111
\BOOKMARK [1][-]{section.5.3}{\376\377\000U\000s\000e\000\040\000C\000a\000s\000e\000\040\000A\000n\000a\000l\000y\000s\000i\000s}{chapter.5}% 112
\BOOKMARK [2][-]{subsection.5.3.1}{\376\377\000U\000s\000e\000\040\000C\000a\000s\000e\000\040\000A\000n\000a\000l\000y\000s\000i\000s\000\040\000"\000T\000r\000a\000c\000k\000\040\000s\000u\000b\000m\000i\000s\000s\000i\000o\000n\000\040\000s\000t\000a\000t\000u\000s\000"}{section.5.3}% 113
\BOOKMARK [2][-]{subsection.5.3.2}{\376\377\000U\000s\000e\000\040\000C\000a\000s\000e\000\040\000A\000n\000a\000l\000y\000s\000i\000s\000\040\000"\000R\000e\000c\000e\000i\000v\000e\000\040\000E\000-\000m\000a\000i\000l\000s\000\040\000a\000b\000o\000u\000t\000\040\000m\000y\000\040\000s\000u\000b\000m\000i\000s\000s\000i\000o\000n\000"}{section.5.3}% 114
\BOOKMARK [2][-]{subsection.5.3.3}{\376\377\000U\000s\000e\000\040\000C\000a\000s\000e\000\040\000A\000n\000a\000l\000y\000s\000i\000s\000:\000\040\000"\000R\000e\000s\000e\000t\000\040\000f\000o\000r\000g\000o\000t\000t\000e\000n\000\040\000p\000a\000s\000s\000w\000o\000r\000d\000"}{section.5.3}% 115
\BOOKMARK [2][-]{subsection.5.3.4}{\376\377\000U\000s\000e\000\040\000C\000a\000s\000e\000\040\000A\000n\000a\000l\000y\000s\000i\000s\000:\000\040\000"\000M\000a\000n\000a\000g\000e\000\040\000N\000e\000w\000s\000\040\000o\000n\000\040\000t\000h\000e\000\040\000p\000l\000a\000t\000f\000o\000r\000m\000"}{section.5.3}% 116
\BOOKMARK [2][-]{subsection.5.3.5}{\376\377\000U\000s\000e\000\040\000C\000a\000s\000e\000\040\000A\000n\000a\000l\000y\000s\000i\000s\000\040\000"\000R\000e\000c\000o\000g\000n\000i\000z\000e\000\040\000n\000a\000t\000i\000o\000n\000a\000l\000\040\000i\000d\000e\000n\000t\000i\000t\000y\000\040\000d\000o\000c\000u\000m\000e\000n\000t\000s\000"}{section.5.3}% 117
\BOOKMARK [1][-]{section.5.4}{\376\377\000D\000e\000s\000i\000g\000n\000\040\000o\000f\000\040\000U\000s\000e\000\040\000C\000a\000s\000e\000s}{chapter.5}% 118
\BOOKMARK [2][-]{subsection.5.4.1}{\376\377\000T\000h\000e\000\040\000p\000a\000r\000t\000i\000c\000i\000p\000a\000n\000t\000\040\000C\000l\000a\000s\000s\000\040\000D\000i\000a\000g\000r\000a\000m}{section.5.4}% 119
\BOOKMARK [2][-]{subsection.5.4.2}{\376\377\000D\000e\000t\000a\000i\000l\000e\000d\000\040\000S\000e\000q\000u\000e\000n\000c\000e\000\040\000D\000i\000a\000g\000r\000a\000m}{section.5.4}% 120
\BOOKMARK [1][-]{section.5.5}{\376\377\000G\000l\000o\000b\000a\000l\000\040\000c\000l\000a\000s\000s\000\040\000d\000i\000a\000g\000r\000a\000m\000\040\000o\000f\000\040\000t\000h\000e\000\040\000t\000h\000i\000r\000d\000\040\000s\000p\000r\000i\000n\000t}{chapter.5}% 121
\BOOKMARK [1][-]{section.5.6}{\376\377\000I\000m\000p\000l\000e\000m\000e\000n\000t\000a\000t\000i\000o\000n}{chapter.5}% 122
\BOOKMARK [2][-]{subsection.5.6.1}{\376\377\000T\000h\000e\000\040\000D\000a\000t\000a\000b\000a\000s\000e\000\040\000S\000c\000h\000e\000m\000a\000s}{section.5.6}% 123
\BOOKMARK [2][-]{subsection.5.6.2}{\376\377\000T\000h\000e\000\040\000i\000n\000t\000e\000r\000f\000a\000c\000e\000s\000\040\000o\000f\000\040\000t\000h\000e\000\040\000u\000s\000e\000\040\000c\000a\000s\000e\000s}{section.5.6}% 124
\BOOKMARK [1][-]{section.5.7}{\376\377\000T\000e\000s\000t\000s}{chapter.5}% 125
\BOOKMARK [2][-]{subsection.5.7.1}{\376\377\000U\000n\000i\000t\000\040\000T\000e\000s\000t\000i\000n\000g}{section.5.7}% 126
\BOOKMARK [2][-]{subsection.5.7.2}{\376\377\000\040\000U\000n\000i\000t\000\040\000T\000e\000s\000t\000\040\000f\000o\000r\000\040\000t\000h\000e\000\040\000U\000s\000e\000\040\000C\000a\000s\000e\000\040\000"\000C\000r\000e\000a\000t\000e\000\040\000n\000e\000w\000s\000"}{section.5.7}% 127
\BOOKMARK [2][-]{subsection.5.7.3}{\376\377\000\040\000U\000n\000i\000t\000\040\000T\000e\000s\000t\000\040\000f\000o\000r\000\040\000t\000h\000e\000\040\000U\000s\000e\000\040\000C\000a\000s\000e\000\040\000"\000V\000a\000l\000i\000d\000a\000t\000e\000\040\000n\000a\000t\000i\000o\000n\000a\000l\000\040\000i\000d\000e\000n\000t\000i\000t\000y\000\040\000d\000o\000c\000u\000m\000e\000n\000t\000s\000"}{section.5.7}% 128
\BOOKMARK [1][-]{section.5.8}{\376\377\000S\000p\000r\000i\000n\000t\000\040\000R\000e\000v\000i\000e\000w\000\040\040\023\000\040\000B\000u\000r\000n\000d\000o\000w\000n\000\040\000C\000h\000a\000r\000t\000\040\000D\000i\000a\000g\000r\000a\000m}{chapter.5}% 129
\BOOKMARK [1][-]{figure.5.47}{\376\377\000C\000o\000n\000c\000l\000u\000s\000i\000o\000n}{chapter.5}% 130
\BOOKMARK [0][-]{chapter.6}{\376\377\000C\000l\000o\000t\000u\000r\000e\000\040\000P\000h\000a\000s\000e}{}% 131
\BOOKMARK [1][-]{section*.103}{\376\377\000I\000n\000t\000r\000o\000d\000u\000c\000t\000i\000o\000n}{chapter.6}% 132
\BOOKMARK [1][-]{section.6.1}{\376\377\000D\000e\000v\000e\000l\000o\000p\000m\000e\000n\000t\000\040\000E\000n\000v\000i\000r\000o\000n\000m\000e\000n\000t}{chapter.6}% 133
\BOOKMARK [2][-]{subsection.6.1.1}{\376\377\000H\000a\000r\000d\000w\000a\000r\000e\000\040\000E\000n\000v\000i\000r\000o\000n\000m\000e\000n\000t}{section.6.1}% 134
\BOOKMARK [2][-]{subsection.6.1.2}{\376\377\000S\000o\000f\000t\000w\000a\000r\000e\000\040\000E\000n\000v\000i\000r\000o\000n\000m\000e\000n\000t}{section.6.1}% 135
\BOOKMARK [1][-]{section.6.2}{\376\377\000T\000e\000c\000h\000n\000o\000l\000o\000g\000i\000c\000a\000l\000\040\000C\000h\000o\000i\000c\000e\000s}{chapter.6}% 136
\BOOKMARK [2][-]{subsection.6.2.1}{\376\377\000T\000h\000e\000\040\000M\000V\000C\000\040\000A\000r\000c\000h\000i\000t\000e\000c\000t\000u\000r\000e}{section.6.2}% 137
\BOOKMARK [2][-]{subsection.6.2.2}{\376\377\000D\000e\000p\000l\000o\000y\000m\000e\000n\000t\000\040\000D\000i\000a\000g\000r\000a\000m}{section.6.2}% 138
\BOOKMARK [1][-]{section.6.3}{\376\377\000P\000r\000o\000j\000e\000c\000t\000\040\000M\000a\000n\000a\000g\000e\000m\000e\000n\000t}{chapter.6}% 139
\BOOKMARK [2][-]{subsection.6.3.1}{\376\377\000T\000a\000s\000k\000\040\000T\000a\000b\000l\000e}{section.6.3}% 140
\BOOKMARK [1][-]{section.6.4}{\376\377\000G\000a\000n\000t\000t\000\040\000C\000h\000a\000r\000t}{chapter.6}% 141
\BOOKMARK [1][-]{figure.6.27}{\376\377\000C\000o\000n\000c\000l\000u\000s\000i\000o\000n}{chapter.6}% 142
\BOOKMARK [0][-]{chapter*.104}{\376\377\000G\000e\000n\000e\000r\000a\000l\000\040\000C\000o\000n\000c\000l\000u\000s\000i\000o\000n}{}% 143
\BOOKMARK [0][-]{section*.105}{\376\377\000B\000i\000b\000l\000i\000o\000g\000r\000a\000p\000h\000i\000e}{}% 144
\BOOKMARK [0][-]{section*.107}{\376\377\000W\000e\000b\000o\000g\000r\000a\000p\000h\000i\000e}{}% 145
